<?xml version="1.0" encoding="UTF-8"?>
<testsuite name="com.proyecto_desarrollo_web.demo.DoctorTest.DocTest" tests="1" skipped="0" failures="0" errors="0" timestamp="2021-09-25T01:02:18" hostname="PC" time="0.558">
  <properties/>
  <testcase name="cambiarHoraIncial()" classname="com.proyecto_desarrollo_web.demo.DoctorTest.DocTest" time="0.558"/>
  <system-out><![CDATA[20:02:15.909 [Test worker] DEBUG org.springframework.test.context.BootstrapUtils - Instantiating CacheAwareContextLoaderDelegate from class [org.springframework.test.context.cache.DefaultCacheAwareContextLoaderDelegate]
20:02:15.921 [Test worker] DEBUG org.springframework.test.context.BootstrapUtils - Instantiating BootstrapContext using constructor [public org.springframework.test.context.support.DefaultBootstrapContext(java.lang.Class,org.springframework.test.context.CacheAwareContextLoaderDelegate)]
20:02:15.956 [Test worker] DEBUG org.springframework.test.context.BootstrapUtils - Instantiating TestContextBootstrapper for test class [com.proyecto_desarrollo_web.demo.DoctorTest.DocTest] from class [org.springframework.boot.test.context.SpringBootTestContextBootstrapper]
20:02:15.970 [Test worker] INFO org.springframework.boot.test.context.SpringBootTestContextBootstrapper - Neither @ContextConfiguration nor @ContextHierarchy found for test class [com.proyecto_desarrollo_web.demo.DoctorTest.DocTest], using SpringBootContextLoader
20:02:15.974 [Test worker] DEBUG org.springframework.test.context.support.AbstractContextLoader - Did not detect default resource location for test class [com.proyecto_desarrollo_web.demo.DoctorTest.DocTest]: class path resource [com/proyecto_desarrollo_web/demo/DoctorTest/DocTest-context.xml] does not exist
20:02:15.975 [Test worker] DEBUG org.springframework.test.context.support.AbstractContextLoader - Did not detect default resource location for test class [com.proyecto_desarrollo_web.demo.DoctorTest.DocTest]: class path resource [com/proyecto_desarrollo_web/demo/DoctorTest/DocTestContext.groovy] does not exist
20:02:15.975 [Test worker] INFO org.springframework.test.context.support.AbstractContextLoader - Could not detect default resource locations for test class [com.proyecto_desarrollo_web.demo.DoctorTest.DocTest]: no resource found for suffixes {-context.xml, Context.groovy}.
20:02:15.976 [Test worker] INFO org.springframework.test.context.support.AnnotationConfigContextLoaderUtils - Could not detect default configuration classes for test class [com.proyecto_desarrollo_web.demo.DoctorTest.DocTest]: DocTest does not declare any static, non-private, non-final, nested classes annotated with @Configuration.
20:02:16.020 [Test worker] DEBUG org.springframework.test.context.support.ActiveProfilesUtils - Could not find an 'annotation declaring class' for annotation type [org.springframework.test.context.ActiveProfiles] and class [com.proyecto_desarrollo_web.demo.DoctorTest.DocTest]
20:02:16.083 [Test worker] DEBUG org.springframework.context.annotation.ClassPathScanningCandidateComponentProvider - Identified candidate component class: file [D:\Carpetas Windows\documentos\GitHub\desarrollo_web\demo\build\classes\java\main\com\proyecto_desarrollo_web\demo\DemoApplication.class]
20:02:16.084 [Test worker] INFO org.springframework.boot.test.context.SpringBootTestContextBootstrapper - Found @SpringBootConfiguration com.proyecto_desarrollo_web.demo.DemoApplication for test class com.proyecto_desarrollo_web.demo.DoctorTest.DocTest
20:02:16.220 [Test worker] DEBUG org.springframework.boot.test.context.SpringBootTestContextBootstrapper - @TestExecutionListeners is not present for class [com.proyecto_desarrollo_web.demo.DoctorTest.DocTest]: using defaults.
20:02:16.221 [Test worker] INFO org.springframework.boot.test.context.SpringBootTestContextBootstrapper - Loaded default TestExecutionListener class names from location [META-INF/spring.factories]: [org.springframework.boot.test.autoconfigure.restdocs.RestDocsTestExecutionListener, org.springframework.boot.test.autoconfigure.web.client.MockRestServiceServerResetTestExecutionListener, org.springframework.boot.test.autoconfigure.web.servlet.MockMvcPrintOnlyOnFailureTestExecutionListener, org.springframework.boot.test.autoconfigure.web.servlet.WebDriverTestExecutionListener, org.springframework.boot.test.autoconfigure.webservices.client.MockWebServiceServerTestExecutionListener, org.springframework.boot.test.mock.mockito.MockitoTestExecutionListener, org.springframework.boot.test.mock.mockito.ResetMocksTestExecutionListener, org.springframework.test.context.web.ServletTestExecutionListener, org.springframework.test.context.support.DirtiesContextBeforeModesTestExecutionListener, org.springframework.test.context.event.ApplicationEventsTestExecutionListener, org.springframework.test.context.support.DependencyInjectionTestExecutionListener, org.springframework.test.context.support.DirtiesContextTestExecutionListener, org.springframework.test.context.transaction.TransactionalTestExecutionListener, org.springframework.test.context.jdbc.SqlScriptsTestExecutionListener, org.springframework.test.context.event.EventPublishingTestExecutionListener]
20:02:16.235 [Test worker] DEBUG org.springframework.boot.test.context.SpringBootTestContextBootstrapper - Skipping candidate TestExecutionListener [org.springframework.test.context.transaction.TransactionalTestExecutionListener] due to a missing dependency. Specify custom listener classes or make the default listener classes and their required dependencies available. Offending class: [org/springframework/transaction/interceptor/TransactionAttributeSource]
20:02:16.235 [Test worker] DEBUG org.springframework.boot.test.context.SpringBootTestContextBootstrapper - Skipping candidate TestExecutionListener [org.springframework.test.context.jdbc.SqlScriptsTestExecutionListener] due to a missing dependency. Specify custom listener classes or make the default listener classes and their required dependencies available. Offending class: [org/springframework/transaction/interceptor/TransactionAttribute]
20:02:16.236 [Test worker] INFO org.springframework.boot.test.context.SpringBootTestContextBootstrapper - Using TestExecutionListeners: [org.springframework.test.context.web.ServletTestExecutionListener@55c5a2de, org.springframework.test.context.support.DirtiesContextBeforeModesTestExecutionListener@6d372f16, org.springframework.test.context.event.ApplicationEventsTestExecutionListener@6332f777, org.springframework.boot.test.mock.mockito.MockitoTestExecutionListener@44c44cf2, org.springframework.boot.test.autoconfigure.SpringBootDependencyInjectionTestExecutionListener@3c6fc5e6, org.springframework.test.context.support.DirtiesContextTestExecutionListener@68f412e2, org.springframework.test.context.event.EventPublishingTestExecutionListener@1c89c9c4, org.springframework.boot.test.autoconfigure.restdocs.RestDocsTestExecutionListener@7a4cb57b, org.springframework.boot.test.autoconfigure.web.client.MockRestServiceServerResetTestExecutionListener@384e0f21, org.springframework.boot.test.autoconfigure.web.servlet.MockMvcPrintOnlyOnFailureTestExecutionListener@706569c8, org.springframework.boot.test.autoconfigure.web.servlet.WebDriverTestExecutionListener@22f049e9, org.springframework.boot.test.autoconfigure.webservices.client.MockWebServiceServerTestExecutionListener@3d08c7a1, org.springframework.boot.test.mock.mockito.ResetMocksTestExecutionListener@7577f026]
20:02:16.242 [Test worker] DEBUG org.springframework.test.context.support.AbstractDirtiesContextTestExecutionListener - Before test class: context [DefaultTestContext@34b0d9a3 testClass = DocTest, testInstance = [null], testMethod = [null], testException = [null], mergedContextConfiguration = [WebMergedContextConfiguration@477adcf6 testClass = DocTest, locations = '{}', classes = '{class com.proyecto_desarrollo_web.demo.DemoApplication}', contextInitializerClasses = '[]', activeProfiles = '{}', propertySourceLocations = '{}', propertySourceProperties = '{org.springframework.boot.test.context.SpringBootTestContextBootstrapper=true}', contextCustomizers = set[org.springframework.boot.test.autoconfigure.actuate.metrics.MetricsExportContextCustomizerFactory$DisableMetricExportContextCustomizer@7a8a988, org.springframework.boot.test.autoconfigure.properties.PropertyMappingContextCustomizer@0, org.springframework.boot.test.autoconfigure.web.servlet.WebDriverContextCustomizerFactory$Customizer@286af619, org.springframework.boot.test.context.filter.ExcludeFilterContextCustomizer@53e4337e, org.springframework.boot.test.json.DuplicateJsonObjectContextCustomizerFactory$DuplicateJsonObjectContextCustomizer@259c6061, org.springframework.boot.test.mock.mockito.MockitoContextCustomizer@0, org.springframework.boot.test.web.client.TestRestTemplateContextCustomizer@2b5cdae8, org.springframework.boot.test.context.SpringBootTestArgs@1, org.springframework.boot.test.context.SpringBootTestWebEnvironment@5c676681], resourceBasePath = 'src/main/webapp', contextLoader = 'org.springframework.boot.test.context.SpringBootContextLoader', parent = [null]], attributes = map['org.springframework.test.context.web.ServletTestExecutionListener.activateListener' -> true]], class annotated with @DirtiesContext [false] with mode [null].
20:02:16.284 [Test worker] DEBUG org.springframework.test.context.support.TestPropertySourceUtils - Adding inlined properties to environment: {spring.jmx.enabled=false, org.springframework.boot.test.context.SpringBootTestContextBootstrapper=true}

  .   ____          _            __ _ _
 /\\ / ___'_ __ _ _(_)_ __  __ _ \ \ \ \
( ( )\___ | '_ | '_| | '_ \/ _` | \ \ \ \
 \\/  ___)| |_)| | | | | || (_| |  ) ) ) )
  '  |____| .__|_| |_|_| |_\__, | / / / /
 =========|_|==============|___/=/_/_/_/
 :: Spring Boot ::                (v2.5.4)

2021-09-24 20:02:16.619  INFO 10620 --- [    Test worker] c.p.demo.DoctorTest.DocTest              : Starting DocTest using Java 16.0.1 on Pc with PID 10620 (started by Aleja in D:\Carpetas Windows\documentos\GitHub\desarrollo_web\demo)
2021-09-24 20:02:16.623  INFO 10620 --- [    Test worker] c.p.demo.DoctorTest.DocTest              : No active profile set, falling back to default profiles: default
2021-09-24 20:02:18.432  INFO 10620 --- [    Test worker] c.p.demo.DoctorTest.DocTest              : Started DocTest in 2.137 seconds (JVM running for 3.416)
]]></system-out>
  <system-err><![CDATA[]]></system-err>
</testsuite>
